#! /usr/local/bin/vvp
:ivl_version "12.0 (devel)" "(s20150603-1116-g60a77b08)";
:ivl_delay_selection "TYPICAL";
:vpi_time_precision + 0;
:vpi_module "/usr/local/lib/ivl/system.vpi";
:vpi_module "/usr/local/lib/ivl/vhdl_sys.vpi";
:vpi_module "/usr/local/lib/ivl/vhdl_textio.vpi";
:vpi_module "/usr/local/lib/ivl/v2005_math.vpi";
:vpi_module "/usr/local/lib/ivl/va_math.vpi";
S_0x55e2ce9da9d0 .scope module, "spdif_decoder" "spdif_decoder" 2 1;
 .timescale 0 0;
    .port_info 0 /INPUT 1 "clk_in";
    .port_info 1 /INPUT 1 "resetb";
    .port_info 2 /INPUT 1 "rx_in";
    .port_info 3 /OUTPUT 1 "i2s_bck";
    .port_info 4 /OUTPUT 1 "i2s_ws";
    .port_info 5 /OUTPUT 1 "i2s_d0";
    .port_info 6 /OUTPUT 1 "audio_locked";
    .port_info 7 /OUTPUT 1 "edgedetect";
P_0x55e2cea146f0 .param/l "FOUND_0_ST" 1 2 166, C4<0100>;
P_0x55e2cea14730 .param/l "FOUND_1_0_ST" 1 2 164, C4<0010>;
P_0x55e2cea14770 .param/l "FOUND_1_1_ST" 1 2 165, C4<0011>;
P_0x55e2cea147b0 .param/l "FOUND_SYNC_0_ST" 1 2 167, C4<0101>;
P_0x55e2cea147f0 .param/l "FOUND_SYNC_B1_ST" 1 2 169, C4<0111>;
P_0x55e2cea14830 .param/l "FOUND_SYNC_B2_ST" 1 2 170, C4<1000>;
P_0x55e2cea14870 .param/l "FOUND_SYNC_B_ST" 1 2 168, C4<0110>;
P_0x55e2cea148b0 .param/l "FOUND_SYNC_M1_ST" 1 2 175, C4<1101>;
P_0x55e2cea148f0 .param/l "FOUND_SYNC_M2_ST" 1 2 176, C4<1110>;
P_0x55e2cea14930 .param/l "FOUND_SYNC_M_ST" 1 2 174, C4<1100>;
P_0x55e2cea14970 .param/l "FOUND_SYNC_W1_ST" 1 2 172, C4<1010>;
P_0x55e2cea149b0 .param/l "FOUND_SYNC_W2_ST" 1 2 173, C4<1011>;
P_0x55e2cea149f0 .param/l "FOUND_SYNC_W_ST" 1 2 171, C4<1001>;
P_0x55e2cea14a30 .param/l "INIT_ST" 1 2 162, C4<0000>;
P_0x55e2cea14a70 .param/l "SEARCH_ST" 1 2 163, C4<0001>;
P_0x55e2cea14ab0 .param/l "T1" 1 2 218, C4<00010100>;
P_0x55e2cea14af0 .param/l "T2" 1 2 217, C4<00100110>;
P_0x55e2cea14b30 .param/l "T3" 1 2 216, C4<00101010>;
P_0x55e2cea14b70 .param/l "bckclks" 1 2 107, +C4<00000000000000000000000000010001>;
o0x7fddad7c1258 .functor BUFZ 1, C4<z>; HiZ drive
L_0x55e2ce9de020 .functor BUFZ 1, o0x7fddad7c1258, C4<0>, C4<0>, C4<0>;
L_0x55e2ce9e0ec0 .functor AND 1, L_0x55e2cea35860, L_0x55e2cea35320, C4<1>, C4<1>;
L_0x55e2cea355e0 .functor AND 1, L_0x55e2cea35860, L_0x55e2cea354f0, C4<1>, C4<1>;
L_0x55e2cea35860 .functor XOR 1, L_0x55e2cea356f0, L_0x55e2cea357c0, C4<0>, C4<0>;
L_0x55e2cea35950 .functor BUFZ 1, v0x55e2cea33eb0_0, C4<0>, C4<0>, C4<0>;
L_0x55e2cea35ac0 .functor BUFZ 1, v0x55e2cea34330_0, C4<0>, C4<0>, C4<0>;
L_0x55e2cea35b60 .functor BUFZ 1, v0x55e2cea340f0_0, C4<0>, C4<0>, C4<0>;
v0x55e2ce9de140_0 .net *"_ivl_11", 0 0, L_0x55e2cea354f0;  1 drivers
v0x55e2ce9e0fe0_0 .net *"_ivl_15", 0 0, L_0x55e2cea356f0;  1 drivers
v0x55e2cea32fe0_0 .net *"_ivl_17", 0 0, L_0x55e2cea357c0;  1 drivers
v0x55e2cea330a0_0 .net *"_ivl_5", 0 0, L_0x55e2cea35320;  1 drivers
v0x55e2cea33180_0 .net *"_ivl_9", 0 0, L_0x55e2cea35450;  1 drivers
L_0x7fddad778018 .functor BUFT 1, C4<1>, C4<0>, C4<0>, C4<0>;
v0x55e2cea33260_0 .net "audio_locked", 0 0, L_0x7fddad778018;  1 drivers
v0x55e2cea33320_0 .var "bckcnt", 7 0;
v0x55e2cea33400_0 .var "bitcnt", 7 0;
v0x55e2cea334e0_0 .var "bitedge_detected", 0 0;
v0x55e2cea335a0_0 .var "bitlength", 7 0;
v0x55e2cea33680_0 .var "bitvalue", 0 0;
v0x55e2cea33740_0 .net "clk", 0 0, L_0x55e2ce9de020;  1 drivers
v0x55e2cea33800_0 .net "clk_in", 0 0, o0x7fddad7c1258;  0 drivers
v0x55e2cea338c0_0 .var "correlator", 15 0;
v0x55e2cea339a0_0 .net "edgedetect", 0 0, L_0x55e2cea35950;  1 drivers
v0x55e2cea33a60_0 .var "ext_next", 3 0;
v0x55e2cea33b40_0 .var "ext_state", 3 0;
v0x55e2cea33d30_0 .net "i2s_bck", 0 0, v0x55e2cea33eb0_0;  1 drivers
v0x55e2cea33df0_0 .var "i2s_bck_next", 0 0;
v0x55e2cea33eb0_0 .var "i2s_bck_reg", 0 0;
v0x55e2cea33f70_0 .net "i2s_d0", 0 0, L_0x55e2cea35b60;  1 drivers
v0x55e2cea34030_0 .var "i2s_d0_next", 0 0;
v0x55e2cea340f0_0 .var "i2s_d0_reg", 0 0;
v0x55e2cea341b0_0 .net "i2s_ws", 0 0, L_0x55e2cea35ac0;  1 drivers
v0x55e2cea34270_0 .var "i2s_ws_next", 0 0;
v0x55e2cea34330_0 .var "i2s_ws_reg", 0 0;
v0x55e2cea343f0_0 .var "next_det", 0 0;
v0x55e2cea344b0_0 .var "pcm_index", 4 0;
v0x55e2cea34590_0 .var "pcm_index_next", 4 0;
v0x55e2cea34670_0 .var "pcmbufL", 23 0;
v0x55e2cea34750_0 .var "pcmbufL_next", 23 0;
v0x55e2cea34830_0 .var "pcmbufR", 23 0;
v0x55e2cea34910_0 .var "pcmbufR_next", 23 0;
v0x55e2cea34c00_0 .var "phase_reg", 0 0;
o0x7fddad7c1678 .functor BUFZ 1, C4<z>; HiZ drive
v0x55e2cea34cc0_0 .net "resetb", 0 0, o0x7fddad7c1678;  0 drivers
o0x7fddad7c16a8 .functor BUFZ 1, C4<z>; HiZ drive
v0x55e2cea34d80_0 .net "rx_in", 0 0, o0x7fddad7c16a8;  0 drivers
v0x55e2cea34e40_0 .net "rxdown", 0 0, L_0x55e2cea355e0;  1 drivers
v0x55e2cea34f00_0 .net "rxedge", 0 0, L_0x55e2cea35860;  1 drivers
v0x55e2cea34fc0_0 .net "rxup", 0 0, L_0x55e2ce9e0ec0;  1 drivers
v0x55e2cea35080_0 .var "state_det", 0 0;
v0x55e2cea35140_0 .var "ws_old_reg", 0 0;
E_0x55e2ce9eac10/0 .event anyedge, v0x55e2cea33b40_0, v0x55e2cea344b0_0, v0x55e2cea34670_0, v0x55e2cea34830_0;
E_0x55e2ce9eac10/1 .event anyedge, v0x55e2cea34330_0, v0x55e2cea340f0_0, v0x55e2cea334e0_0, v0x55e2cea335a0_0;
E_0x55e2ce9eac10 .event/or E_0x55e2ce9eac10/0, E_0x55e2ce9eac10/1;
E_0x55e2ce9f6660 .event posedge, v0x55e2cea33740_0;
E_0x55e2ce9ed030 .event anyedge, v0x55e2cea33320_0, v0x55e2cea34c00_0, v0x55e2cea33eb0_0;
L_0x55e2cea35320 .part v0x55e2cea338c0_0, 1, 1;
L_0x55e2cea35450 .part v0x55e2cea338c0_0, 1, 1;
L_0x55e2cea354f0 .reduce/nor L_0x55e2cea35450;
L_0x55e2cea356f0 .part v0x55e2cea338c0_0, 2, 1;
L_0x55e2cea357c0 .part v0x55e2cea338c0_0, 1, 1;
    .scope S_0x55e2ce9da9d0;
T_0 ;
    %pushi/vec4 0, 0, 4;
    %store/vec4 v0x55e2cea33b40_0, 0, 4;
    %pushi/vec4 0, 0, 4;
    %store/vec4 v0x55e2cea33a60_0, 0, 4;
    %end;
    .thread T_0;
    .scope S_0x55e2ce9da9d0;
T_1 ;
    %wait E_0x55e2ce9f6660;
    %load/vec4 v0x55e2cea34cc0_0;
    %nor/r;
    %flag_set/vec4 8;
    %jmp/0xz  T_1.0, 8;
    %pushi/vec4 0, 0, 16;
    %assign/vec4 v0x55e2cea338c0_0, 0;
    %jmp T_1.1;
T_1.0 ;
    %load/vec4 v0x55e2cea338c0_0;
    %parti/s 7, 0, 2;
    %load/vec4 v0x55e2cea34d80_0;
    %concat/vec4; draw_concat_vec4
    %pad/u 16;
    %assign/vec4 v0x55e2cea338c0_0, 0;
T_1.1 ;
    %jmp T_1;
    .thread T_1;
    .scope S_0x55e2ce9da9d0;
T_2 ;
    %wait E_0x55e2ce9f6660;
    %load/vec4 v0x55e2cea34cc0_0;
    %pad/u 32;
    %cmpi/e 0, 0, 32;
    %jmp/0xz  T_2.0, 4;
    %pushi/vec4 0, 0, 1;
    %assign/vec4 v0x55e2cea35140_0, 0;
    %pushi/vec4 0, 0, 1;
    %assign/vec4 v0x55e2cea34c00_0, 0;
    %pushi/vec4 0, 0, 1;
    %assign/vec4 v0x55e2cea33eb0_0, 0;
    %pushi/vec4 0, 0, 1;
    %assign/vec4 v0x55e2cea33df0_0, 0;
    %pushi/vec4 0, 0, 8;
    %assign/vec4 v0x55e2cea33320_0, 0;
    %pushi/vec4 0, 0, 8;
    %assign/vec4 v0x55e2cea33400_0, 0;
    %pushi/vec4 0, 0, 8;
    %assign/vec4 v0x55e2cea335a0_0, 0;
    %pushi/vec4 0, 0, 1;
    %assign/vec4 v0x55e2cea33680_0, 0;
    %pushi/vec4 0, 0, 1;
    %assign/vec4 v0x55e2cea334e0_0, 0;
    %jmp T_2.1;
T_2.0 ;
    %load/vec4 v0x55e2cea34f00_0;
    %pad/u 32;
    %cmpi/e 1, 0, 32;
    %jmp/0xz  T_2.2, 4;
    %load/vec4 v0x55e2cea338c0_0;
    %parti/s 1, 3, 3;
    %assign/vec4 v0x55e2cea33680_0, 0;
    %load/vec4 v0x55e2cea33400_0;
    %assign/vec4 v0x55e2cea335a0_0, 0;
    %pushi/vec4 0, 0, 8;
    %assign/vec4 v0x55e2cea33400_0, 0;
    %pushi/vec4 1, 0, 1;
    %assign/vec4 v0x55e2cea334e0_0, 0;
    %load/vec4 v0x55e2cea34fc0_0;
    %pad/u 32;
    %cmpi/e 1, 0, 32;
    %jmp/0xz  T_2.4, 4;
    %load/vec4 v0x55e2cea34330_0;
    %assign/vec4 v0x55e2cea35140_0, 0;
    %pushi/vec4 0, 0, 8;
    %assign/vec4 v0x55e2cea33320_0, 0;
    %pushi/vec4 42, 0, 32;
    %load/vec4 v0x55e2cea33320_0;
    %pad/u 32;
    %cmp/u;
    %flag_get/vec4 5;
    %load/vec4 v0x55e2cea33320_0;
    %pad/u 32;
    %cmpi/u 59, 0, 32;
    %flag_get/vec4 5;
    %and;
    %load/vec4 v0x55e2cea33320_0;
    %load/vec4 v0x55e2cea33400_0;
    %cmp/ne;
    %flag_get/vec4 4;
    %and;
    %pushi/vec4 76, 0, 32;
    %load/vec4 v0x55e2cea33320_0;
    %pad/u 32;
    %cmp/u;
    %flag_get/vec4 5;
    %load/vec4 v0x55e2cea33320_0;
    %pad/u 32;
    %cmpi/u 93, 0, 32;
    %flag_get/vec4 5;
    %and;
    %or;
    %flag_set/vec4 8;
    %jmp/0xz  T_2.6, 8;
    %load/vec4 v0x55e2cea34c00_0;
    %nor/r;
    %assign/vec4 v0x55e2cea34c00_0, 0;
T_2.6 ;
T_2.4 ;
    %jmp T_2.3;
T_2.2 ;
    %load/vec4 v0x55e2cea33680_0;
    %assign/vec4 v0x55e2cea33680_0, 0;
    %load/vec4 v0x55e2cea335a0_0;
    %assign/vec4 v0x55e2cea335a0_0, 0;
    %pushi/vec4 0, 0, 1;
    %assign/vec4 v0x55e2cea334e0_0, 0;
    %load/vec4 v0x55e2cea33400_0;
    %addi 1, 0, 8;
    %assign/vec4 v0x55e2cea33400_0, 0;
    %load/vec4 v0x55e2cea33320_0;
    %addi 1, 0, 8;
    %assign/vec4 v0x55e2cea33320_0, 0;
    %load/vec4 v0x55e2cea33df0_0;
    %assign/vec4 v0x55e2cea33eb0_0, 0;
T_2.3 ;
T_2.1 ;
    %jmp T_2;
    .thread T_2;
    .scope S_0x55e2ce9da9d0;
T_3 ;
    %wait E_0x55e2ce9ed030;
    %load/vec4 v0x55e2cea33320_0;
    %pad/u 32;
    %cmpi/u 17, 0, 32;
    %flag_or 5, 4;
    %jmp/0xz  T_3.0, 5;
    %load/vec4 v0x55e2cea34c00_0;
    %nor/r;
    %store/vec4 v0x55e2cea33df0_0, 0, 1;
    %jmp T_3.1;
T_3.0 ;
    %load/vec4 v0x55e2cea33320_0;
    %pad/u 32;
    %cmpi/u 34, 0, 32;
    %flag_or 5, 4;
    %jmp/0xz  T_3.2, 5;
    %load/vec4 v0x55e2cea34c00_0;
    %store/vec4 v0x55e2cea33df0_0, 0, 1;
    %jmp T_3.3;
T_3.2 ;
    %load/vec4 v0x55e2cea33320_0;
    %pad/u 32;
    %cmpi/u 51, 0, 32;
    %flag_or 5, 4;
    %jmp/0xz  T_3.4, 5;
    %load/vec4 v0x55e2cea34c00_0;
    %nor/r;
    %store/vec4 v0x55e2cea33df0_0, 0, 1;
    %jmp T_3.5;
T_3.4 ;
    %load/vec4 v0x55e2cea33320_0;
    %pad/u 32;
    %cmpi/u 68, 0, 32;
    %flag_or 5, 4;
    %jmp/0xz  T_3.6, 5;
    %load/vec4 v0x55e2cea34c00_0;
    %store/vec4 v0x55e2cea33df0_0, 0, 1;
    %jmp T_3.7;
T_3.6 ;
    %load/vec4 v0x55e2cea33320_0;
    %pad/u 32;
    %cmpi/u 85, 0, 32;
    %flag_or 5, 4;
    %jmp/0xz  T_3.8, 5;
    %load/vec4 v0x55e2cea34c00_0;
    %nor/r;
    %store/vec4 v0x55e2cea33df0_0, 0, 1;
    %jmp T_3.9;
T_3.8 ;
    %load/vec4 v0x55e2cea33320_0;
    %pad/u 32;
    %cmpi/u 102, 0, 32;
    %flag_or 5, 4;
    %jmp/0xz  T_3.10, 5;
    %load/vec4 v0x55e2cea34c00_0;
    %store/vec4 v0x55e2cea33df0_0, 0, 1;
    %jmp T_3.11;
T_3.10 ;
    %load/vec4 v0x55e2cea33320_0;
    %pad/u 32;
    %cmpi/u 119, 0, 32;
    %flag_or 5, 4;
    %jmp/0xz  T_3.12, 5;
    %load/vec4 v0x55e2cea34c00_0;
    %nor/r;
    %store/vec4 v0x55e2cea33df0_0, 0, 1;
    %jmp T_3.13;
T_3.12 ;
    %load/vec4 v0x55e2cea33eb0_0;
    %store/vec4 v0x55e2cea33df0_0, 0, 1;
T_3.13 ;
T_3.11 ;
T_3.9 ;
T_3.7 ;
T_3.5 ;
T_3.3 ;
T_3.1 ;
    %jmp T_3;
    .thread T_3, $push;
    .scope S_0x55e2ce9da9d0;
T_4 ;
    %wait E_0x55e2ce9f6660;
    %load/vec4 v0x55e2cea34cc0_0;
    %nor/r;
    %flag_set/vec4 8;
    %jmp/0xz  T_4.0, 8;
    %pushi/vec4 0, 0, 4;
    %assign/vec4 v0x55e2cea33b40_0, 0;
    %pushi/vec4 0, 0, 5;
    %assign/vec4 v0x55e2cea344b0_0, 0;
    %pushi/vec4 0, 0, 1;
    %assign/vec4 v0x55e2cea35080_0, 0;
    %pushi/vec4 0, 0, 1;
    %assign/vec4 v0x55e2cea34330_0, 0;
    %pushi/vec4 0, 0, 1;
    %assign/vec4 v0x55e2cea340f0_0, 0;
    %jmp T_4.1;
T_4.0 ;
    %load/vec4 v0x55e2cea33a60_0;
    %assign/vec4 v0x55e2cea33b40_0, 0;
    %load/vec4 v0x55e2cea343f0_0;
    %assign/vec4 v0x55e2cea35080_0, 0;
    %load/vec4 v0x55e2cea34590_0;
    %assign/vec4 v0x55e2cea344b0_0, 0;
    %load/vec4 v0x55e2cea34270_0;
    %assign/vec4 v0x55e2cea34330_0, 0;
    %load/vec4 v0x55e2cea34030_0;
    %assign/vec4 v0x55e2cea340f0_0, 0;
    %load/vec4 v0x55e2cea34750_0;
    %assign/vec4 v0x55e2cea34670_0, 0;
    %load/vec4 v0x55e2cea34910_0;
    %assign/vec4 v0x55e2cea34830_0, 0;
T_4.1 ;
    %jmp T_4;
    .thread T_4;
    .scope S_0x55e2ce9da9d0;
T_5 ;
    %wait E_0x55e2ce9eac10;
    %load/vec4 v0x55e2cea33b40_0;
    %store/vec4 v0x55e2cea33a60_0, 0, 4;
    %load/vec4 v0x55e2cea344b0_0;
    %store/vec4 v0x55e2cea34590_0, 0, 5;
    %load/vec4 v0x55e2cea34670_0;
    %store/vec4 v0x55e2cea34750_0, 0, 24;
    %load/vec4 v0x55e2cea34830_0;
    %store/vec4 v0x55e2cea34910_0, 0, 24;
    %pushi/vec4 0, 0, 1;
    %store/vec4 v0x55e2cea343f0_0, 0, 1;
    %load/vec4 v0x55e2cea34330_0;
    %store/vec4 v0x55e2cea34270_0, 0, 1;
    %load/vec4 v0x55e2cea340f0_0;
    %store/vec4 v0x55e2cea34030_0, 0, 1;
    %load/vec4 v0x55e2cea33b40_0;
    %dup/vec4;
    %pushi/vec4 0, 0, 4;
    %cmp/u;
    %jmp/1 T_5.0, 6;
    %dup/vec4;
    %pushi/vec4 1, 0, 4;
    %cmp/u;
    %jmp/1 T_5.1, 6;
    %dup/vec4;
    %pushi/vec4 5, 0, 4;
    %cmp/u;
    %jmp/1 T_5.2, 6;
    %dup/vec4;
    %pushi/vec4 6, 0, 4;
    %cmp/u;
    %jmp/1 T_5.3, 6;
    %dup/vec4;
    %pushi/vec4 7, 0, 4;
    %cmp/u;
    %jmp/1 T_5.4, 6;
    %dup/vec4;
    %pushi/vec4 8, 0, 4;
    %cmp/u;
    %jmp/1 T_5.5, 6;
    %dup/vec4;
    %pushi/vec4 9, 0, 4;
    %cmp/u;
    %jmp/1 T_5.6, 6;
    %dup/vec4;
    %pushi/vec4 10, 0, 4;
    %cmp/u;
    %jmp/1 T_5.7, 6;
    %dup/vec4;
    %pushi/vec4 11, 0, 4;
    %cmp/u;
    %jmp/1 T_5.8, 6;
    %dup/vec4;
    %pushi/vec4 12, 0, 4;
    %cmp/u;
    %jmp/1 T_5.9, 6;
    %dup/vec4;
    %pushi/vec4 13, 0, 4;
    %cmp/u;
    %jmp/1 T_5.10, 6;
    %dup/vec4;
    %pushi/vec4 14, 0, 4;
    %cmp/u;
    %jmp/1 T_5.11, 6;
    %dup/vec4;
    %pushi/vec4 2, 0, 4;
    %cmp/u;
    %jmp/1 T_5.12, 6;
    %dup/vec4;
    %pushi/vec4 3, 0, 4;
    %cmp/u;
    %jmp/1 T_5.13, 6;
    %dup/vec4;
    %pushi/vec4 4, 0, 4;
    %cmp/u;
    %jmp/1 T_5.14, 6;
    %pushi/vec4 0, 0, 4;
    %store/vec4 v0x55e2cea33a60_0, 0, 4;
    %jmp T_5.16;
T_5.0 ;
    %pushi/vec4 0, 0, 1;
    %store/vec4 v0x55e2cea34270_0, 0, 1;
    %pushi/vec4 0, 0, 1;
    %store/vec4 v0x55e2cea34030_0, 0, 1;
    %pushi/vec4 1, 0, 4;
    %store/vec4 v0x55e2cea33a60_0, 0, 4;
    %jmp T_5.16;
T_5.1 ;
    %pushi/vec4 0, 0, 1;
    %store/vec4 v0x55e2cea34270_0, 0, 1;
    %load/vec4 v0x55e2cea334e0_0;
    %pushi/vec4 42, 0, 8;
    %load/vec4 v0x55e2cea335a0_0;
    %cmp/u;
    %flag_get/vec4 5;
    %and;
    %flag_set/vec4 8;
    %jmp/0xz  T_5.17, 8;
    %pushi/vec4 5, 0, 4;
    %store/vec4 v0x55e2cea33a60_0, 0, 4;
T_5.17 ;
    %jmp T_5.16;
T_5.2 ;
    %load/vec4 v0x55e2cea334e0_0;
    %flag_set/vec4 8;
    %jmp/0xz  T_5.19, 8;
    %load/vec4 v0x55e2cea335a0_0;
    %cmpi/u 20, 0, 8;
    %flag_or 5, 4;
    %jmp/0xz  T_5.21, 5;
    %pushi/vec4 6, 0, 4;
    %store/vec4 v0x55e2cea33a60_0, 0, 4;
    %jmp T_5.22;
T_5.21 ;
    %load/vec4 v0x55e2cea335a0_0;
    %cmpi/u 38, 0, 8;
    %flag_or 5, 4;
    %jmp/0xz  T_5.23, 5;
    %pushi/vec4 9, 0, 4;
    %store/vec4 v0x55e2cea33a60_0, 0, 4;
    %jmp T_5.24;
T_5.23 ;
    %load/vec4 v0x55e2cea335a0_0;
    %cmpi/u 42, 0, 8;
    %flag_or 5, 4; GT is !LE
    %flag_inv 5;
    %jmp/0xz  T_5.25, 5;
    %pushi/vec4 12, 0, 4;
    %store/vec4 v0x55e2cea33a60_0, 0, 4;
    %jmp T_5.26;
T_5.25 ;
    %pushi/vec4 1, 0, 4;
    %store/vec4 v0x55e2cea33a60_0, 0, 4;
T_5.26 ;
T_5.24 ;
T_5.22 ;
T_5.19 ;
    %jmp T_5.16;
T_5.3 ;
    %load/vec4 v0x55e2cea334e0_0;
    %load/vec4 v0x55e2cea335a0_0;
    %cmpi/u 20, 0, 8;
    %flag_get/vec4 4;
    %flag_get/vec4 5;
    %or;
    %and;
    %flag_set/vec4 8;
    %jmp/0xz  T_5.27, 8;
    %pushi/vec4 7, 0, 4;
    %store/vec4 v0x55e2cea33a60_0, 0, 4;
T_5.27 ;
    %jmp T_5.16;
T_5.4 ;
    %load/vec4 v0x55e2cea334e0_0;
    %pushi/vec4 42, 0, 8;
    %load/vec4 v0x55e2cea335a0_0;
    %cmp/u;
    %flag_get/vec4 4;
    %flag_get/vec4 5;
    %or;
    %and;
    %flag_set/vec4 8;
    %jmp/0xz  T_5.29, 8;
    %pushi/vec4 8, 0, 4;
    %store/vec4 v0x55e2cea33a60_0, 0, 4;
T_5.29 ;
    %jmp T_5.16;
T_5.5 ;
    %pushi/vec4 0, 0, 1;
    %store/vec4 v0x55e2cea34270_0, 0, 1;
    %pushi/vec4 0, 0, 5;
    %store/vec4 v0x55e2cea34590_0, 0, 5;
    %load/vec4 v0x55e2cea334e0_0;
    %flag_set/vec4 8;
    %jmp/0xz  T_5.31, 8;
    %load/vec4 v0x55e2cea335a0_0;
    %cmpi/u 20, 0, 8;
    %flag_or 5, 4;
    %jmp/0xz  T_5.33, 5;
    %pushi/vec4 2, 0, 4;
    %store/vec4 v0x55e2cea33a60_0, 0, 4;
    %jmp T_5.34;
T_5.33 ;
    %load/vec4 v0x55e2cea335a0_0;
    %cmpi/u 20, 0, 8;
    %flag_or 5, 4; GT is !LE
    %flag_inv 5;
    %jmp/0xz  T_5.35, 5;
    %pushi/vec4 4, 0, 4;
    %store/vec4 v0x55e2cea33a60_0, 0, 4;
    %jmp T_5.36;
T_5.35 ;
    %pushi/vec4 1, 0, 4;
    %store/vec4 v0x55e2cea33a60_0, 0, 4;
T_5.36 ;
T_5.34 ;
T_5.31 ;
    %jmp T_5.16;
T_5.6 ;
    %load/vec4 v0x55e2cea334e0_0;
    %load/vec4 v0x55e2cea335a0_0;
    %cmpi/u 20, 0, 8;
    %flag_get/vec4 4;
    %flag_get/vec4 5;
    %or;
    %and;
    %flag_set/vec4 8;
    %jmp/0xz  T_5.37, 8;
    %pushi/vec4 10, 0, 4;
    %store/vec4 v0x55e2cea33a60_0, 0, 4;
T_5.37 ;
    %jmp T_5.16;
T_5.7 ;
    %load/vec4 v0x55e2cea334e0_0;
    %pushi/vec4 20, 0, 8;
    %load/vec4 v0x55e2cea335a0_0;
    %cmp/u;
    %flag_get/vec4 5;
    %and;
    %load/vec4 v0x55e2cea335a0_0;
    %cmpi/u 42, 0, 8;
    %flag_get/vec4 5;
    %and;
    %flag_set/vec4 8;
    %jmp/0xz  T_5.39, 8;
    %pushi/vec4 11, 0, 4;
    %store/vec4 v0x55e2cea33a60_0, 0, 4;
T_5.39 ;
    %jmp T_5.16;
T_5.8 ;
    %pushi/vec4 1, 0, 1;
    %store/vec4 v0x55e2cea34270_0, 0, 1;
    %pushi/vec4 0, 0, 5;
    %store/vec4 v0x55e2cea34590_0, 0, 5;
    %load/vec4 v0x55e2cea334e0_0;
    %flag_set/vec4 8;
    %jmp/0xz  T_5.41, 8;
    %load/vec4 v0x55e2cea335a0_0;
    %cmpi/u 20, 0, 8;
    %flag_or 5, 4;
    %jmp/0xz  T_5.43, 5;
    %pushi/vec4 2, 0, 4;
    %store/vec4 v0x55e2cea33a60_0, 0, 4;
    %jmp T_5.44;
T_5.43 ;
    %load/vec4 v0x55e2cea335a0_0;
    %cmpi/u 20, 0, 8;
    %flag_or 5, 4; GT is !LE
    %flag_inv 5;
    %jmp/0xz  T_5.45, 5;
    %pushi/vec4 4, 0, 4;
    %store/vec4 v0x55e2cea33a60_0, 0, 4;
    %jmp T_5.46;
T_5.45 ;
    %pushi/vec4 1, 0, 4;
    %store/vec4 v0x55e2cea33a60_0, 0, 4;
T_5.46 ;
T_5.44 ;
T_5.41 ;
    %jmp T_5.16;
T_5.9 ;
    %load/vec4 v0x55e2cea334e0_0;
    %load/vec4 v0x55e2cea335a0_0;
    %cmpi/u 20, 0, 8;
    %flag_get/vec4 4;
    %flag_get/vec4 5;
    %or;
    %and;
    %flag_set/vec4 8;
    %jmp/0xz  T_5.47, 8;
    %pushi/vec4 13, 0, 4;
    %store/vec4 v0x55e2cea33a60_0, 0, 4;
T_5.47 ;
    %jmp T_5.16;
T_5.10 ;
    %load/vec4 v0x55e2cea334e0_0;
    %load/vec4 v0x55e2cea335a0_0;
    %cmpi/u 20, 0, 8;
    %flag_get/vec4 4;
    %flag_get/vec4 5;
    %or;
    %and;
    %flag_set/vec4 8;
    %jmp/0xz  T_5.49, 8;
    %pushi/vec4 14, 0, 4;
    %store/vec4 v0x55e2cea33a60_0, 0, 4;
T_5.49 ;
    %jmp T_5.16;
T_5.11 ;
    %pushi/vec4 1, 0, 1;
    %store/vec4 v0x55e2cea343f0_0, 0, 1;
    %pushi/vec4 0, 0, 1;
    %store/vec4 v0x55e2cea34270_0, 0, 1;
    %pushi/vec4 0, 0, 5;
    %store/vec4 v0x55e2cea34590_0, 0, 5;
    %load/vec4 v0x55e2cea334e0_0;
    %flag_set/vec4 8;
    %jmp/0xz  T_5.51, 8;
    %load/vec4 v0x55e2cea335a0_0;
    %cmpi/u 20, 0, 8;
    %flag_or 5, 4;
    %jmp/0xz  T_5.53, 5;
    %pushi/vec4 2, 0, 4;
    %store/vec4 v0x55e2cea33a60_0, 0, 4;
    %jmp T_5.54;
T_5.53 ;
    %load/vec4 v0x55e2cea335a0_0;
    %cmpi/u 20, 0, 8;
    %flag_or 5, 4; GT is !LE
    %flag_inv 5;
    %jmp/0xz  T_5.55, 5;
    %pushi/vec4 4, 0, 4;
    %store/vec4 v0x55e2cea33a60_0, 0, 4;
    %jmp T_5.56;
T_5.55 ;
    %pushi/vec4 1, 0, 4;
    %store/vec4 v0x55e2cea33a60_0, 0, 4;
T_5.56 ;
T_5.54 ;
T_5.51 ;
    %jmp T_5.16;
T_5.12 ;
    %load/vec4 v0x55e2cea334e0_0;
    %load/vec4 v0x55e2cea335a0_0;
    %cmpi/u 20, 0, 8;
    %flag_get/vec4 4;
    %flag_get/vec4 5;
    %or;
    %and;
    %flag_set/vec4 8;
    %jmp/0xz  T_5.57, 8;
    %pushi/vec4 3, 0, 4;
    %store/vec4 v0x55e2cea33a60_0, 0, 4;
T_5.57 ;
    %jmp T_5.16;
T_5.13 ;
    %load/vec4 v0x55e2cea344b0_0;
    %pad/u 32;
    %cmpi/u 24, 0, 32;
    %jmp/0xz  T_5.59, 5;
    %load/vec4 v0x55e2cea34330_0;
    %pad/u 32;
    %cmpi/e 0, 0, 32;
    %jmp/0xz  T_5.61, 4;
    %load/vec4 v0x55e2cea34830_0;
    %load/vec4 v0x55e2cea344b0_0;
    %part/u 1;
    %store/vec4 v0x55e2cea34030_0, 0, 1;
    %jmp T_5.62;
T_5.61 ;
    %load/vec4 v0x55e2cea34670_0;
    %load/vec4 v0x55e2cea344b0_0;
    %part/u 1;
    %store/vec4 v0x55e2cea34030_0, 0, 1;
T_5.62 ;
T_5.59 ;
    %load/vec4 v0x55e2cea334e0_0;
    %flag_set/vec4 8;
    %jmp/0xz  T_5.63, 8;
    %load/vec4 v0x55e2cea344b0_0;
    %pad/u 32;
    %cmpi/u 24, 0, 32;
    %jmp/0xz  T_5.65, 5;
    %load/vec4 v0x55e2cea34330_0;
    %pad/u 32;
    %cmpi/e 0, 0, 32;
    %jmp/0xz  T_5.67, 4;
    %load/vec4 v0x55e2cea34670_0;
    %parti/s 23, 0, 2;
    %concati/vec4 1, 0, 1;
    %store/vec4 v0x55e2cea34750_0, 0, 24;
    %jmp T_5.68;
T_5.67 ;
    %load/vec4 v0x55e2cea34830_0;
    %parti/s 23, 0, 2;
    %concati/vec4 1, 0, 1;
    %store/vec4 v0x55e2cea34910_0, 0, 24;
T_5.68 ;
T_5.65 ;
    %load/vec4 v0x55e2cea344b0_0;
    %addi 1, 0, 5;
    %store/vec4 v0x55e2cea34590_0, 0, 5;
    %load/vec4 v0x55e2cea335a0_0;
    %cmpi/u 20, 0, 8;
    %flag_or 5, 4;
    %jmp/0xz  T_5.69, 5;
    %pushi/vec4 2, 0, 4;
    %store/vec4 v0x55e2cea33a60_0, 0, 4;
    %jmp T_5.70;
T_5.69 ;
    %pushi/vec4 20, 0, 8;
    %load/vec4 v0x55e2cea335a0_0;
    %cmp/u;
    %flag_get/vec4 5;
    %load/vec4 v0x55e2cea335a0_0;
    %cmpi/u 42, 0, 8;
    %flag_get/vec4 5;
    %and;
    %flag_set/vec4 8;
    %jmp/0xz  T_5.71, 8;
    %pushi/vec4 4, 0, 4;
    %store/vec4 v0x55e2cea33a60_0, 0, 4;
    %jmp T_5.72;
T_5.71 ;
    %load/vec4 v0x55e2cea335a0_0;
    %cmpi/u 42, 0, 8;
    %flag_or 5, 4; GT is !LE
    %flag_inv 5;
    %jmp/0xz  T_5.73, 5;
    %pushi/vec4 5, 0, 4;
    %store/vec4 v0x55e2cea33a60_0, 0, 4;
T_5.73 ;
T_5.72 ;
T_5.70 ;
T_5.63 ;
    %jmp T_5.16;
T_5.14 ;
    %load/vec4 v0x55e2cea344b0_0;
    %pad/u 32;
    %cmpi/u 24, 0, 32;
    %jmp/0xz  T_5.75, 5;
    %load/vec4 v0x55e2cea34330_0;
    %pad/u 32;
    %cmpi/e 0, 0, 32;
    %jmp/0xz  T_5.77, 4;
    %load/vec4 v0x55e2cea34830_0;
    %load/vec4 v0x55e2cea344b0_0;
    %part/u 1;
    %store/vec4 v0x55e2cea34030_0, 0, 1;
    %jmp T_5.78;
T_5.77 ;
    %load/vec4 v0x55e2cea34670_0;
    %load/vec4 v0x55e2cea344b0_0;
    %part/u 1;
    %store/vec4 v0x55e2cea34030_0, 0, 1;
T_5.78 ;
T_5.75 ;
    %load/vec4 v0x55e2cea334e0_0;
    %flag_set/vec4 8;
    %jmp/0xz  T_5.79, 8;
    %load/vec4 v0x55e2cea344b0_0;
    %pad/u 32;
    %cmpi/u 24, 0, 32;
    %jmp/0xz  T_5.81, 5;
    %load/vec4 v0x55e2cea34330_0;
    %pad/u 32;
    %cmpi/e 0, 0, 32;
    %jmp/0xz  T_5.83, 4;
    %load/vec4 v0x55e2cea34670_0;
    %parti/s 23, 0, 2;
    %concati/vec4 0, 0, 1;
    %store/vec4 v0x55e2cea34750_0, 0, 24;
    %jmp T_5.84;
T_5.83 ;
    %load/vec4 v0x55e2cea34830_0;
    %parti/s 23, 0, 2;
    %concati/vec4 0, 0, 1;
    %store/vec4 v0x55e2cea34910_0, 0, 24;
T_5.84 ;
T_5.81 ;
    %load/vec4 v0x55e2cea344b0_0;
    %addi 1, 0, 5;
    %store/vec4 v0x55e2cea34590_0, 0, 5;
    %load/vec4 v0x55e2cea335a0_0;
    %cmpi/u 20, 0, 8;
    %flag_or 5, 4;
    %jmp/0xz  T_5.85, 5;
    %pushi/vec4 2, 0, 4;
    %store/vec4 v0x55e2cea33a60_0, 0, 4;
    %jmp T_5.86;
T_5.85 ;
    %pushi/vec4 20, 0, 8;
    %load/vec4 v0x55e2cea335a0_0;
    %cmp/u;
    %flag_get/vec4 5;
    %load/vec4 v0x55e2cea335a0_0;
    %cmpi/u 42, 0, 8;
    %flag_get/vec4 5;
    %and;
    %flag_set/vec4 8;
    %jmp/0xz  T_5.87, 8;
    %pushi/vec4 4, 0, 4;
    %store/vec4 v0x55e2cea33a60_0, 0, 4;
    %jmp T_5.88;
T_5.87 ;
    %load/vec4 v0x55e2cea335a0_0;
    %cmpi/u 42, 0, 8;
    %flag_or 5, 4; GT is !LE
    %flag_inv 5;
    %jmp/0xz  T_5.89, 5;
    %pushi/vec4 5, 0, 4;
    %store/vec4 v0x55e2cea33a60_0, 0, 4;
T_5.89 ;
T_5.88 ;
T_5.86 ;
T_5.79 ;
    %jmp T_5.16;
T_5.16 ;
    %pop/vec4 1;
    %jmp T_5;
    .thread T_5, $push;
# The file index is used to find the file name in the following table.
:file_names 3;
    "N/A";
    "<interactive>";
    "/home/jakobsen/work/asic/integrated_speaker/hdl/spdif_decoder/spdif_decoder.v";
